2025-05-05 14:51:46,883 - DEBUG - run.py - run - 58 - Run started with options: {'server': 'DylanS\\MSSQLSERVER2022', 'database': 'JohnSalazar_SA', 'username': None, 'password': None, 'dev': False, 'debug': False, 'input': 'D:\\john-salazar\\needles\\conversion\\utility', 'use_metadata': False}
2025-05-05 14:51:46,884 - DEBUG - run.py - collect_scripts - 16 - Not using metadata to process scripts.
2025-05-05 14:51:46,884 - DEBUG - run.py - run - 66 - Collected scripts: ['00__schema__Address.sql', '00__schema__Cases.sql', '00__schema__ContactNumbers.sql', '00__schema__Courts.sql', '00__schema__Defendants.sql', '00__schema__Disbursements.sql', '00__schema__EmailWebsite.sql', '00__schema__IndvContacts.sql', '00__schema__InsuranceCoverage.sql', '00__schema__LawFirms.sql', '00__schema__LienTracking.sql', '00__schema__MedicalProviders.sql', '00__schema__Notes.sql', '00__schema__OrgContacts.sql', '00__schema__PlaintiffAttorney.sql', '00__schema__Plaintiffs.sql', '00__schema__Settlements.sql', '00__schema__SpDamages.sql', '00__schema__Users.sql', '00__schema__create_conversion_schema.sql', '01__imp_user_map__create.sql', '02__update_implementation_users.sql', 'CaseTypeMixture__create.sql', 'CaseValueMapping__create.sql', 'NeedlesUserFields__create.sql', 'PartyRoles__create.sql', 'create_functions.sql']
2025-05-05 14:51:46,884 - INFO - run.py - run - 72 - Order of scripts to execute: 
- 00__schema__Address.sql
- 00__schema__Cases.sql
- 00__schema__ContactNumbers.sql
- 00__schema__Courts.sql
- 00__schema__Defendants.sql
- 00__schema__Disbursements.sql
- 00__schema__EmailWebsite.sql
- 00__schema__IndvContacts.sql
- 00__schema__InsuranceCoverage.sql
- 00__schema__LawFirms.sql
- 00__schema__LienTracking.sql
- 00__schema__MedicalProviders.sql
- 00__schema__Notes.sql
- 00__schema__OrgContacts.sql
- 00__schema__PlaintiffAttorney.sql
- 00__schema__Plaintiffs.sql
- 00__schema__Settlements.sql
- 00__schema__SpDamages.sql
- 00__schema__Users.sql
- 00__schema__create_conversion_schema.sql
- 01__imp_user_map__create.sql
- 02__update_implementation_users.sql
- CaseTypeMixture__create.sql
- CaseValueMapping__create.sql
- NeedlesUserFields__create.sql
- PartyRoles__create.sql
- create_functions.sql
2025-05-05 14:51:54,917 - DEBUG - run.py - execute_scripts - 27 - Starting execution of 27 scripts in D:\john-salazar\needles\conversion\utility
2025-05-05 14:51:54,917 - DEBUG - run.py - execute_scripts - 35 - Running 00__schema__Address.sql (1/27)
2025-05-05 14:51:55,097 - INFO - run.py - execute_scripts - 44 - PASS: 00__schema__Address.sql
2025-05-05 14:51:55,097 - DEBUG - run.py - execute_scripts - 35 - Running 00__schema__Cases.sql (2/27)
2025-05-05 14:51:55,237 - INFO - run.py - execute_scripts - 44 - PASS: 00__schema__Cases.sql
2025-05-05 14:51:55,237 - DEBUG - run.py - execute_scripts - 35 - Running 00__schema__ContactNumbers.sql (3/27)
2025-05-05 14:51:55,377 - INFO - run.py - execute_scripts - 44 - PASS: 00__schema__ContactNumbers.sql
2025-05-05 14:51:55,377 - DEBUG - run.py - execute_scripts - 35 - Running 00__schema__Courts.sql (4/27)
2025-05-05 14:51:55,584 - INFO - run.py - execute_scripts - 44 - PASS: 00__schema__Courts.sql
2025-05-05 14:51:55,585 - DEBUG - run.py - execute_scripts - 35 - Running 00__schema__Defendants.sql (5/27)
2025-05-05 14:51:55,721 - INFO - run.py - execute_scripts - 44 - PASS: 00__schema__Defendants.sql
2025-05-05 14:51:55,721 - DEBUG - run.py - execute_scripts - 35 - Running 00__schema__Disbursements.sql (6/27)
2025-05-05 14:51:55,852 - INFO - run.py - execute_scripts - 44 - PASS: 00__schema__Disbursements.sql
2025-05-05 14:51:55,852 - DEBUG - run.py - execute_scripts - 35 - Running 00__schema__EmailWebsite.sql (7/27)
2025-05-05 14:51:55,983 - INFO - run.py - execute_scripts - 44 - PASS: 00__schema__EmailWebsite.sql
2025-05-05 14:51:55,984 - DEBUG - run.py - execute_scripts - 35 - Running 00__schema__IndvContacts.sql (8/27)
2025-05-05 14:51:56,175 - INFO - run.py - execute_scripts - 44 - PASS: 00__schema__IndvContacts.sql
2025-05-05 14:51:56,181 - DEBUG - run.py - execute_scripts - 35 - Running 00__schema__InsuranceCoverage.sql (9/27)
2025-05-05 14:51:56,396 - INFO - run.py - execute_scripts - 44 - PASS: 00__schema__InsuranceCoverage.sql
2025-05-05 14:51:56,396 - DEBUG - run.py - execute_scripts - 35 - Running 00__schema__LawFirms.sql (10/27)
2025-05-05 14:51:56,527 - INFO - run.py - execute_scripts - 44 - PASS: 00__schema__LawFirms.sql
2025-05-05 14:51:56,527 - DEBUG - run.py - execute_scripts - 35 - Running 00__schema__LienTracking.sql (11/27)
2025-05-05 14:51:56,690 - INFO - run.py - execute_scripts - 44 - PASS: 00__schema__LienTracking.sql
2025-05-05 14:51:56,690 - DEBUG - run.py - execute_scripts - 35 - Running 00__schema__MedicalProviders.sql (12/27)
2025-05-05 14:51:56,858 - INFO - run.py - execute_scripts - 44 - PASS: 00__schema__MedicalProviders.sql
2025-05-05 14:51:56,858 - DEBUG - run.py - execute_scripts - 35 - Running 00__schema__Notes.sql (13/27)
2025-05-05 14:51:56,987 - INFO - run.py - execute_scripts - 44 - PASS: 00__schema__Notes.sql
2025-05-05 14:51:56,988 - DEBUG - run.py - execute_scripts - 35 - Running 00__schema__OrgContacts.sql (14/27)
2025-05-05 14:51:57,117 - INFO - run.py - execute_scripts - 44 - PASS: 00__schema__OrgContacts.sql
2025-05-05 14:51:57,118 - DEBUG - run.py - execute_scripts - 35 - Running 00__schema__PlaintiffAttorney.sql (15/27)
2025-05-05 14:51:57,271 - INFO - run.py - execute_scripts - 44 - PASS: 00__schema__PlaintiffAttorney.sql
2025-05-05 14:51:57,275 - DEBUG - run.py - execute_scripts - 35 - Running 00__schema__Plaintiffs.sql (16/27)
2025-05-05 14:51:57,475 - INFO - run.py - execute_scripts - 44 - PASS: 00__schema__Plaintiffs.sql
2025-05-05 14:51:57,475 - DEBUG - run.py - execute_scripts - 35 - Running 00__schema__Settlements.sql (17/27)
2025-05-05 14:51:57,599 - INFO - run.py - execute_scripts - 44 - PASS: 00__schema__Settlements.sql
2025-05-05 14:51:57,600 - DEBUG - run.py - execute_scripts - 35 - Running 00__schema__SpDamages.sql (18/27)
2025-05-05 14:51:57,692 - INFO - run.py - execute_scripts - 44 - PASS: 00__schema__SpDamages.sql
2025-05-05 14:51:57,692 - DEBUG - run.py - execute_scripts - 35 - Running 00__schema__Users.sql (19/27)
2025-05-05 14:51:57,830 - INFO - run.py - execute_scripts - 44 - PASS: 00__schema__Users.sql
2025-05-05 14:51:57,830 - DEBUG - run.py - execute_scripts - 35 - Running 00__schema__create_conversion_schema.sql (20/27)
2025-05-05 14:51:57,952 - INFO - run.py - execute_scripts - 44 - PASS: 00__schema__create_conversion_schema.sql
2025-05-05 14:51:57,952 - DEBUG - run.py - execute_scripts - 35 - Running 01__imp_user_map__create.sql (21/27)
2025-05-05 14:51:58,045 - ERROR - sql_runner.py - sql_runner - 81 - FAIL: 01__imp_user_map__create.sql in 0.09s
Changed database context to 'JohnSalazar_SA'.
Msg 208, Level 16, State 1, Server DylanS\MSSQLSERVER2022, Line 83
Invalid object name 'Needles..staff'.
2025-05-05 14:51:58,046 - ERROR - run.py - execute_scripts - 46 - ERROR: 01__imp_user_map__create.sql
2025-05-05 14:51:58,046 - DEBUG - run.py - execute_scripts - 35 - Running 02__update_implementation_users.sql (22/27)
2025-05-05 14:51:58,304 - INFO - run.py - execute_scripts - 44 - PASS: 02__update_implementation_users.sql
2025-05-05 14:51:58,304 - DEBUG - run.py - execute_scripts - 35 - Running CaseTypeMixture__create.sql (23/27)
2025-05-05 14:51:58,453 - INFO - run.py - execute_scripts - 44 - PASS: CaseTypeMixture__create.sql
2025-05-05 14:51:58,453 - DEBUG - run.py - execute_scripts - 35 - Running CaseValueMapping__create.sql (24/27)
2025-05-05 14:51:58,638 - INFO - run.py - execute_scripts - 44 - PASS: CaseValueMapping__create.sql
2025-05-05 14:51:58,638 - DEBUG - run.py - execute_scripts - 35 - Running NeedlesUserFields__create.sql (25/27)
2025-05-05 14:51:58,874 - INFO - run.py - execute_scripts - 44 - PASS: NeedlesUserFields__create.sql
2025-05-05 14:51:58,874 - DEBUG - run.py - execute_scripts - 35 - Running PartyRoles__create.sql (26/27)
2025-05-05 14:51:58,978 - INFO - run.py - execute_scripts - 44 - PASS: PartyRoles__create.sql
2025-05-05 14:51:58,979 - DEBUG - run.py - execute_scripts - 35 - Running create_functions.sql (27/27)
2025-05-05 14:51:59,123 - INFO - run.py - execute_scripts - 44 - PASS: create_functions.sql
2025-05-05 14:51:59,123 - INFO - run.py - execute_scripts - 48 - Completed all scripts in D:\john-salazar\needles\conversion\utility.
2025-05-05 14:52:51,985 - DEBUG - run.py - run - 58 - Run started with options: {'server': 'DylanS\\MSSQLSERVER2022', 'database': 'JohnSalazar_SA', 'username': None, 'password': None, 'dev': False, 'debug': False, 'input': 'D:\\john-salazar\\needles\\conversion\\contact', 'use_metadata': False}
2025-05-05 14:52:51,985 - DEBUG - run.py - collect_scripts - 16 - Not using metadata to process scripts.
2025-05-05 14:52:51,985 - DEBUG - run.py - run - 66 - Collected scripts: ['00__IndvContacts__fallback.sql', '00__OrgContacts__fallback.sql', '01__IndvContacts__names.sql', '02__IndvContacts__police.sql', '03__IndvContacts__staff.sql', '04__IndvContacts__insurance.sql', '05__IndvContacts__comments.sql', '10__OrgContacts__names.sql', '15__Users.sql', '20__Address__IndvContacts.sql', '21__Address__OrgContacts.sql', '22__Address__appendix.sql', '30__ContactNumbers__utility.sql', '31__ContactNumbers__IndvContacts.sql', '32__ContactNumbers__OrgContacts.sql', '40__EmailWebsite__IndvContacts.sql', '40__EmailWebsite__OrgContacts.sql', '90__Uniqueness.sql', '91__AllContactInfo.sql', '92__IndvOrgContacts_Indexed.sql', '99__Notes__contacts.sql']
2025-05-05 14:52:51,985 - INFO - run.py - run - 72 - Order of scripts to execute: 
- 00__IndvContacts__fallback.sql
- 00__OrgContacts__fallback.sql
- 01__IndvContacts__names.sql
- 02__IndvContacts__police.sql
- 03__IndvContacts__staff.sql
- 04__IndvContacts__insurance.sql
- 05__IndvContacts__comments.sql
- 10__OrgContacts__names.sql
- 15__Users.sql
- 20__Address__IndvContacts.sql
- 21__Address__OrgContacts.sql
- 22__Address__appendix.sql
- 30__ContactNumbers__utility.sql
- 31__ContactNumbers__IndvContacts.sql
- 32__ContactNumbers__OrgContacts.sql
- 40__EmailWebsite__IndvContacts.sql
- 40__EmailWebsite__OrgContacts.sql
- 90__Uniqueness.sql
- 91__AllContactInfo.sql
- 92__IndvOrgContacts_Indexed.sql
- 99__Notes__contacts.sql
2025-05-05 14:52:53,296 - DEBUG - run.py - execute_scripts - 27 - Starting execution of 21 scripts in D:\john-salazar\needles\conversion\contact
2025-05-05 14:52:53,296 - DEBUG - run.py - execute_scripts - 35 - Running 00__IndvContacts__fallback.sql (1/21)
2025-05-05 14:52:54,432 - INFO - run.py - execute_scripts - 44 - PASS: 00__IndvContacts__fallback.sql
2025-05-05 14:52:54,432 - DEBUG - run.py - execute_scripts - 35 - Running 00__OrgContacts__fallback.sql (2/21)
2025-05-05 14:52:54,777 - INFO - run.py - execute_scripts - 44 - PASS: 00__OrgContacts__fallback.sql
2025-05-05 14:52:54,777 - DEBUG - run.py - execute_scripts - 35 - Running 01__IndvContacts__names.sql (3/21)
2025-05-05 14:53:08,230 - INFO - run.py - execute_scripts - 44 - PASS: 01__IndvContacts__names.sql
2025-05-05 14:53:08,231 - DEBUG - run.py - execute_scripts - 35 - Running 02__IndvContacts__police.sql (4/21)
2025-05-05 14:53:12,731 - INFO - run.py - execute_scripts - 44 - PASS: 02__IndvContacts__police.sql
2025-05-05 14:53:12,732 - DEBUG - run.py - execute_scripts - 35 - Running 03__IndvContacts__staff.sql (5/21)
2025-05-05 14:53:12,949 - INFO - run.py - execute_scripts - 44 - PASS: 03__IndvContacts__staff.sql
2025-05-05 14:53:12,949 - DEBUG - run.py - execute_scripts - 35 - Running 04__IndvContacts__insurance.sql (6/21)
2025-05-05 14:53:13,447 - INFO - run.py - execute_scripts - 44 - PASS: 04__IndvContacts__insurance.sql
2025-05-05 14:53:13,448 - DEBUG - run.py - execute_scripts - 35 - Running 05__IndvContacts__comments.sql (7/21)
2025-05-05 14:53:16,487 - INFO - run.py - execute_scripts - 44 - PASS: 05__IndvContacts__comments.sql
2025-05-05 14:53:16,488 - DEBUG - run.py - execute_scripts - 35 - Running 10__OrgContacts__names.sql (8/21)
2025-05-05 14:53:18,641 - INFO - run.py - execute_scripts - 44 - PASS: 10__OrgContacts__names.sql
2025-05-05 14:53:18,642 - DEBUG - run.py - execute_scripts - 35 - Running 15__Users.sql (9/21)
2025-05-05 14:53:19,111 - INFO - run.py - execute_scripts - 44 - PASS: 15__Users.sql
2025-05-05 14:53:19,112 - DEBUG - run.py - execute_scripts - 35 - Running 20__Address__IndvContacts.sql (10/21)
2025-05-05 14:53:21,567 - INFO - run.py - execute_scripts - 44 - PASS: 20__Address__IndvContacts.sql
2025-05-05 14:53:21,567 - DEBUG - run.py - execute_scripts - 35 - Running 21__Address__OrgContacts.sql (11/21)
2025-05-05 14:53:22,243 - INFO - run.py - execute_scripts - 44 - PASS: 21__Address__OrgContacts.sql
2025-05-05 14:53:22,243 - DEBUG - run.py - execute_scripts - 35 - Running 22__Address__appendix.sql (12/21)
2025-05-05 14:53:24,782 - INFO - run.py - execute_scripts - 44 - PASS: 22__Address__appendix.sql
2025-05-05 14:53:24,782 - DEBUG - run.py - execute_scripts - 35 - Running 30__ContactNumbers__utility.sql (13/21)
2025-05-05 14:53:24,891 - INFO - run.py - execute_scripts - 44 - PASS: 30__ContactNumbers__utility.sql
2025-05-05 14:53:24,891 - DEBUG - run.py - execute_scripts - 35 - Running 31__ContactNumbers__IndvContacts.sql (14/21)
2025-05-05 14:53:35,876 - INFO - run.py - execute_scripts - 44 - PASS: 31__ContactNumbers__IndvContacts.sql
2025-05-05 14:53:35,876 - DEBUG - run.py - execute_scripts - 35 - Running 32__ContactNumbers__OrgContacts.sql (15/21)
2025-05-05 14:53:38,696 - INFO - run.py - execute_scripts - 44 - PASS: 32__ContactNumbers__OrgContacts.sql
2025-05-05 14:53:38,696 - DEBUG - run.py - execute_scripts - 35 - Running 40__EmailWebsite__IndvContacts.sql (16/21)
2025-05-05 14:53:39,337 - INFO - run.py - execute_scripts - 44 - PASS: 40__EmailWebsite__IndvContacts.sql
2025-05-05 14:53:39,337 - DEBUG - run.py - execute_scripts - 35 - Running 40__EmailWebsite__OrgContacts.sql (17/21)
2025-05-05 14:53:39,560 - INFO - run.py - execute_scripts - 44 - PASS: 40__EmailWebsite__OrgContacts.sql
2025-05-05 14:53:39,560 - DEBUG - run.py - execute_scripts - 35 - Running 90__Uniqueness.sql (18/21)
2025-05-05 14:54:01,348 - INFO - run.py - execute_scripts - 44 - PASS: 90__Uniqueness.sql
2025-05-05 14:54:01,348 - DEBUG - run.py - execute_scripts - 35 - Running 91__AllContactInfo.sql (19/21)
2025-05-05 14:54:48,566 - INFO - run.py - execute_scripts - 44 - PASS: 91__AllContactInfo.sql
2025-05-05 14:54:48,567 - DEBUG - run.py - execute_scripts - 35 - Running 92__IndvOrgContacts_Indexed.sql (20/21)
2025-05-05 14:54:55,126 - INFO - run.py - execute_scripts - 44 - PASS: 92__IndvOrgContacts_Indexed.sql
2025-05-05 14:54:55,126 - DEBUG - run.py - execute_scripts - 35 - Running 99__Notes__contacts.sql (21/21)
2025-05-05 14:56:52,861 - INFO - run.py - execute_scripts - 44 - PASS: 99__Notes__contacts.sql
2025-05-05 14:56:52,862 - INFO - run.py - execute_scripts - 48 - Completed all scripts in D:\john-salazar\needles\conversion\contact.
2025-05-05 14:57:00,646 - DEBUG - run.py - run - 81 - Starting database backup.
